<?xml version="1.0" encoding="UTF-8"?>
<!-- Generated by org.testng.reporters.JUnitReportReporter -->
<testsuite hostname="DESKTOP-P2R4BJQ" failures="0" tests="6" name="day43.ParamTest" time="6.262" errors="0" timestamp="2023-08-20T22:24:23 IST" skipped="0">
  <testcase classname="day43.ParamTest" name="testLogo" time="3.117"/>
  <testcase classname="day43.ParamTest" name="testLogo" time="3.073"/>
  <testcase classname="day43.ParamTest" name="testHomePageTitle" time="0.018"/>
  <testcase classname="day43.ParamTest" name="testHomePageTitle" time="0.024"/>
  <testcase classname="day43.ParamTest" name="testAppUrl" time="0.014"/>
  <testcase classname="day43.ParamTest" name="testAppUrl" time="0.016"/>
</testsuite> <!-- day43.ParamTest -->
