<?xml version="1.0" encoding="UTF-8"?>
<!-- Generated by org.testng.reporters.JUnitReportReporter -->
<testsuite hostname="DESKTOP-P2R4BJQ" failures="0" tests="2" name="day41.pack.Class2" time="0.010" errors="0" timestamp="2023-08-20T22:12:25 IST" skipped="0">
  <testcase classname="day41.pack.Class2" name="xyz" time="0.004"/>
  <testcase classname="day41.pack.Class2" name="xyz" time="0.006"/>
</testsuite> <!-- day41.pack.Class2 -->
