<?xml version="1.0" encoding="UTF-8"?>
<!-- Generated by org.testng.reporters.JUnitReportReporter -->
<testsuite hostname="DESKTOP-P2R4BJQ" failures="0" tests="2" name="day41.AnnotationsDemo1" time="0.025" errors="0" timestamp="2023-08-15T16:00:10 IST" skipped="0">
  <testcase classname="day41.AnnotationsDemo1" name="search" time="0.010"/>
  <testcase classname="day41.AnnotationsDemo1" name="advancedSearch" time="0.015"/>
</testsuite> <!-- day41.AnnotationsDemo1 -->
