<?xml version="1.0" encoding="UTF-8"?>
<!-- Generated by org.testng.reporters.JUnitReportReporter -->
<testsuite hostname="DESKTOP-P2R4BJQ" failures="0" tests="3" name="day40.FirstTestCase" time="0.021" errors="0" timestamp="2023-08-14T16:53:34 IST" skipped="0">
  <testcase classname="day40.FirstTestCase" name="openApp" time="0.013"/>
  <testcase classname="day40.FirstTestCase" name="logIn" time="0.005"/>
  <testcase classname="day40.FirstTestCase" name="logOut" time="0.003"/>
</testsuite> <!-- day40.FirstTestCase -->
