<?xml version="1.0" encoding="UTF-8"?>
<!-- Generated by org.testng.reporters.JUnitReportReporter -->
<testsuite hostname="DESKTOP-P2R4BJQ" failures="0" tests="1" name="day42.grouping.PaymentTests" time="0.018" errors="0" timestamp="2023-08-20T22:16:48 IST" skipped="0">
  <testcase classname="day42.grouping.PaymentTests" name="paymentinrupees" time="0.018"/>
</testsuite> <!-- day42.grouping.PaymentTests -->
