<?xml version="1.0" encoding="UTF-8"?>
<!-- Generated by org.testng.reporters.JUnitReportReporter -->
<testsuite hostname="LAPTOP-4EIFP6UE" failures="0" tests="1" name="day41.pack.Class1" time="0.005" errors="0" timestamp="2023-08-24T20:03:45 IST" skipped="0">
  <testcase classname="day41.pack.Class1" name="abc" time="0.005"/>
</testsuite> <!-- day41.pack.Class1 -->
