<?xml version="1.0" encoding="UTF-8"?>
<!-- Generated by org.testng.reporters.JUnitReportReporter -->
<testsuite hostname="LAPTOP-4EIFP6UE" failures="0" tests="1" name="day45.LoginTest" time="1.628" errors="0" timestamp="2023-08-24T20:04:30 IST" skipped="0">
  <testcase classname="day45.LoginTest" name="testLogin" time="1.628"/>
</testsuite> <!-- day45.LoginTest -->
