<?xml version="1.0" encoding="UTF-8"?>
<!-- Generated by org.testng.reporters.JUnitReportReporter -->
<testsuite hostname="DESKTOP-P2R4BJQ" failures="0" tests="2" name="day41.AllAnnotations" time="0.027" errors="0" timestamp="2023-08-20T21:59:21 IST" skipped="0">
  <testcase classname="day41.AllAnnotations" name="tm1" time="0.014"/>
  <testcase classname="day41.AllAnnotations" name="tm2" time="0.013"/>
</testsuite> <!-- day41.AllAnnotations -->
