<?xml version="1.0" encoding="UTF-8"?>
<!-- Generated by org.testng.reporters.JUnitReportReporter -->
<testsuite hostname="DESKTOP-P2R4BJQ" failures="0" tests="2" name="day41.AnnotationsDemo2" time="0.018" errors="0" timestamp="2023-08-15T16:05:12 IST" skipped="0">
  <testcase classname="day41.AnnotationsDemo2" name="search" time="0.014"/>
  <testcase classname="day41.AnnotationsDemo2" name="advancedSearch" time="0.004"/>
</testsuite> <!-- day41.AnnotationsDemo2 -->
