<?xml version="1.0" encoding="UTF-8"?>
<!-- Generated by org.testng.reporters.JUnitReportReporter -->
<testsuite hostname="DESKTOP-P2R4BJQ" failures="0" tests="1" name="day41.HardAssertions" time="0.030" errors="0" timestamp="2023-08-20T22:08:25 IST" skipped="0">
  <testcase classname="day41.HardAssertions" name="test" time="0.030"/>
</testsuite> <!-- day41.HardAssertions -->
