<?xml version="1.0" encoding="UTF-8"?>
<!-- Generated by org.testng.reporters.JUnitReportReporter -->
<testsuite hostname="DESKTOP-P2R4BJQ" failures="0" tests="1" name="day42.grouping.SignUpTests" time="0.003" errors="0" timestamp="2023-08-20T22:14:14 IST" skipped="0">
  <testcase classname="day42.grouping.SignUpTests" name="signupbyemail" time="0.003"/>
</testsuite> <!-- day42.grouping.SignUpTests -->
