<?xml version="1.0" encoding="UTF-8"?>
<!-- Generated by org.testng.reporters.JUnitReportReporter -->
<testsuite hostname="DESKTOP-P2R4BJQ" failures="0" tests="4" name="day40.OrangeHRMTest" time="22.014" errors="0" timestamp="2023-08-20T21:58:38 IST" skipped="0">
  <testcase classname="day40.OrangeHRMTest" name="openApp" time="19.348"/>
  <testcase classname="day40.OrangeHRMTest" name="testLogo" time="0.933"/>
  <testcase classname="day40.OrangeHRMTest" name="testLogin" time="1.549"/>
  <testcase classname="day40.OrangeHRMTest" name="closeApp" time="0.184"/>
</testsuite> <!-- day40.OrangeHRMTest -->
