<?xml version="1.0" encoding="UTF-8"?>
<!-- Generated by org.testng.reporters.JUnitReportReporter -->
<testsuite hostname="DESKTOP-P2R4BJQ" failures="0" tests="2" name="day45.LoginTest2" time="2.550" errors="0" timestamp="2023-08-22T21:46:27 IST" skipped="0">
  <testcase classname="day45.LoginTest2" name="testLinks" time="0.678"/>
  <testcase classname="day45.LoginTest2" name="testLogin" time="1.872"/>
</testsuite> <!-- day45.LoginTest2 -->
