<?xml version="1.0" encoding="UTF-8"?>
<!-- Generated by org.testng.reporters.JUnitReportReporter -->
<testsuite hostname="DESKTOP-P2R4BJQ" failures="0" tests="2" name="day42.grouping.LoginTests" time="0.010" errors="0" timestamp="2023-08-20T22:16:48 IST" skipped="0">
  <testcase classname="day42.grouping.LoginTests" name="loginByfacebook" time="0.005"/>
  <testcase classname="day42.grouping.LoginTests" name="loginBytwitter" time="0.005"/>
</testsuite> <!-- day42.grouping.LoginTests -->
